This is pdfTeX, Version 3.14159265-2.6-1.40.20 (TeX Live 2019/Debian) (preloaded format=pdflatex 2020.11.16)  20 NOV 2020 18:55
entering extended mode
 restricted \write18 enabled.
 %&-line parsing enabled.
**about_pulpino.tex
(./about_pulpino.tex
LaTeX2e <2020-02-02> patch level 2
L3 programming layer <2020-02-14>
(/usr/share/texlive/texmf-dist/tex/latex/base/article.cls
Document Class: article 2019/12/20 v1.4l Standard LaTeX document class
(/usr/share/texlive/texmf-dist/tex/latex/base/size12.clo
File: size12.clo 2019/12/20 v1.4l Standard LaTeX file (size option)
)
\c@part=\count167
\c@section=\count168
\c@subsection=\count169
\c@subsubsection=\count170
\c@paragraph=\count171
\c@subparagraph=\count172
\c@figure=\count173
\c@table=\count174
\abovecaptionskip=\skip47
\belowcaptionskip=\skip48
\bibindent=\dimen134
)
(/usr/share/texlive/texmf-dist/tex/latex/base/inputenc.sty
Package: inputenc 2018/08/11 v1.3c Input encoding file
\inpenc@prehook=\toks14
\inpenc@posthook=\toks15
)
(/usr/share/texlive/texmf-dist/tex/latex/amsfonts/amssymb.sty
Package: amssymb 2013/01/14 v3.01 AMS font symbols

(/usr/share/texlive/texmf-dist/tex/latex/amsfonts/amsfonts.sty
Package: amsfonts 2013/01/14 v3.01 Basic AMSFonts support
\@emptytoks=\toks16
\symAMSa=\mathgroup4
\symAMSb=\mathgroup5
LaTeX Font Info:    Redeclaring math symbol \hbar on input line 98.
LaTeX Font Info:    Overwriting math alphabet `\mathfrak' in version `bold'
(Font)                  U/euf/m/n --> U/euf/b/n on input line 106.
))
(/usr/share/texlive/texmf-dist/tex/latex/secdot/secdot.sty
Package: secdot 2000/06/20 v1.0 section numbers with dots
)
(/usr/share/texlive/texmf-dist/tex/latex/url/url.sty
\Urlmuskip=\muskip16
Package: url 2013/09/16  ver 3.4  Verb mode for urls, etc.
)
(/usr/share/texlive/texmf-dist/tex/latex/graphics/graphicx.sty
Package: graphicx 2019/11/30 v1.2a Enhanced LaTeX Graphics (DPC,SPQR)

(/usr/share/texlive/texmf-dist/tex/latex/graphics/keyval.sty
Package: keyval 2014/10/28 v1.15 key=value parser (DPC)
\KV@toks@=\toks17
)
(/usr/share/texlive/texmf-dist/tex/latex/graphics/graphics.sty
Package: graphics 2019/11/30 v1.4a Standard LaTeX Graphics (DPC,SPQR)

(/usr/share/texlive/texmf-dist/tex/latex/graphics/trig.sty
Package: trig 2016/01/03 v1.10 sin cos tan (DPC)
)
(/usr/share/texlive/texmf-dist/tex/latex/graphics-cfg/graphics.cfg
File: graphics.cfg 2016/06/04 v1.11 sample graphics configuration
)
Package graphics Info: Driver file: pdftex.def on input line 105.

(/usr/share/texlive/texmf-dist/tex/latex/graphics-def/pdftex.def
File: pdftex.def 2018/01/08 v1.0l Graphics/color driver for pdftex
))
\Gin@req@height=\dimen135
\Gin@req@width=\dimen136
)
(/usr/share/texlive/texmf-dist/tex/latex/cleveref/cleveref.sty
Package: cleveref 2018/03/27 v0.21.4 Intelligent cross-referencing
)
(/usr/share/texlive/texmf-dist/tex/latex/l3backend/l3backend-pdfmode.def
File: l3backend-pdfmode.def 2020-02-03 L3 backend support: PDF mode
\l__kernel_color_stack_int=\count175
\l__pdf_internal_box=\box45
)
(./about_pulpino.aux)
\openout1 = `about_pulpino.aux'.

LaTeX Font Info:    Checking defaults for OML/cmm/m/it on input line 20.
LaTeX Font Info:    ... okay on input line 20.
LaTeX Font Info:    Checking defaults for OMS/cmsy/m/n on input line 20.
LaTeX Font Info:    ... okay on input line 20.
LaTeX Font Info:    Checking defaults for OT1/cmr/m/n on input line 20.
LaTeX Font Info:    ... okay on input line 20.
LaTeX Font Info:    Checking defaults for T1/cmr/m/n on input line 20.
LaTeX Font Info:    ... okay on input line 20.
LaTeX Font Info:    Checking defaults for TS1/cmr/m/n on input line 20.
LaTeX Font Info:    ... okay on input line 20.
LaTeX Font Info:    Checking defaults for OMX/cmex/m/n on input line 20.
LaTeX Font Info:    ... okay on input line 20.
LaTeX Font Info:    Checking defaults for U/cmr/m/n on input line 20.
LaTeX Font Info:    ... okay on input line 20.

(/usr/share/texlive/texmf-dist/tex/context/base/mkii/supp-pdf.mkii
[Loading MPS to PDF converter (version 2006.09.02).]
\scratchcounter=\count176
\scratchdimen=\dimen137
\scratchbox=\box46
\nofMPsegments=\count177
\nofMParguments=\count178
\everyMPshowfont=\toks18
\MPscratchCnt=\count179
\MPscratchDim=\dimen138
\MPnumerator=\count180
\makeMPintoPDFobject=\count181
\everyMPtoPDFconversion=\toks19
) (/usr/share/texlive/texmf-dist/tex/latex/epstopdf-pkg/epstopdf-base.sty
Package: epstopdf-base 2020-01-24 v2.11 Base part for package epstopdf
Package epstopdf-base Info: Redefining graphics rule for `.eps' on input line 4
85.

(/usr/share/texlive/texmf-dist/tex/latex/latexconfig/epstopdf-sys.cfg
File: epstopdf-sys.cfg 2010/07/13 v1.3 Configuration of (r)epstopdf for TeX Liv
e
))
LaTeX Font Info:    Trying to load font information for U+msa on input line 21.


(/usr/share/texlive/texmf-dist/tex/latex/amsfonts/umsa.fd
File: umsa.fd 2013/01/14 v3.01 AMS symbols A
)
LaTeX Font Info:    Trying to load font information for U+msb on input line 21.


(/usr/share/texlive/texmf-dist/tex/latex/amsfonts/umsb.fd
File: umsb.fd 2013/01/14 v3.01 AMS symbols B
) [1

{/var/lib/texmf/fonts/map/pdftex/updmap/pdftex.map}]
Overfull \hbox (36.17468pt too wide) in paragraph at lines 68--69
 [] 
 []


Overfull \hbox (36.17468pt too wide) in paragraph at lines 77--78
 [] 
 []


Overfull \hbox (36.17468pt too wide) in paragraph at lines 86--87
 [] 
 []


Overfull \hbox (36.17468pt too wide) in paragraph at lines 95--96
 [] 
 []

[2]
Overfull \hbox (36.17468pt too wide) in paragraph at lines 104--105
 [] 
 []


Overfull \hbox (36.17468pt too wide) in paragraph at lines 114--115
 [] 
 []


Overfull \hbox (36.17468pt too wide) in paragraph at lines 136--137
 [] 
 []


Overfull \hbox (36.17468pt too wide) in paragraph at lines 145--146
 [] 
 []


Overfull \hbox (8.89221pt too wide) in paragraph at lines 148--149
\OT1/cmtt/m/n/12 fpgasoftware . intel . com / 20 . 1 / ?edition = lite & platfo
rm = linux$\OT1/cmr/m/n/12 . On
 []

[3]
<modelsim_download.png, id=18, 597.73312pt x 282.30469pt>
File: modelsim_download.png Graphic file (type png)
<use modelsim_download.png>
Package pdftex.def Info: modelsim_download.png  used on input line 157.
(pdftex.def)             Requested size: 312.00119pt x 147.35495pt.

Overfull \hbox (36.17468pt too wide) in paragraph at lines 167--168
 [] 
 []


Overfull \hbox (36.17468pt too wide) in paragraph at lines 176--177
 [] 
 []


Overfull \hbox (39.729pt too wide) in paragraph at lines 179--180
\OT1/cmr/m/it/12 ``ModelSim-Installation-Directory/intelFPGA/20.*/modelsim[]ase
/linuxaloem"
 []


Overfull \hbox (36.17468pt too wide) in paragraph at lines 186--187
 [] 
 []

[4 <./modelsim_download.png (PNG copy)>]
Overfull \hbox (36.17468pt too wide) in paragraph at lines 194--195
 [] 
 []


Overfull \hbox (36.17468pt too wide) in paragraph at lines 208--209
 [] 
 []


Overfull \hbox (36.17468pt too wide) in paragraph at lines 217--218
 [] 
 []


Overfull \hbox (36.17468pt too wide) in paragraph at lines 227--228
 [] 
 []


Overfull \hbox (36.17468pt too wide) in paragraph at lines 238--239
 [] 
 []


Overfull \hbox (36.17468pt too wide) in paragraph at lines 247--248
 [] 
 []

[5]
Overfull \hbox (36.17468pt too wide) in paragraph at lines 256--257
 [] 
 []


Overfull \hbox (36.17468pt too wide) in paragraph at lines 266--267
 [] 
 []


Overfull \hbox (36.17468pt too wide) in paragraph at lines 276--277
 [] 
 []


Overfull \hbox (36.17468pt too wide) in paragraph at lines 287--288
 [] 
 []


Overfull \hbox (36.17468pt too wide) in paragraph at lines 297--298
 [] 
 []

[6]
Overfull \hbox (36.17468pt too wide) in paragraph at lines 307--308
 [] 
 []


Overfull \hbox (36.17468pt too wide) in paragraph at lines 324--325
 [] 
 []


Overfull \hbox (36.17468pt too wide) in paragraph at lines 332--333
 [] 
 []


Overfull \hbox (36.17468pt too wide) in paragraph at lines 341--342
 [] 
 []


Overfull \hbox (36.17468pt too wide) in paragraph at lines 352--353
 [] 
 []

[7]
Overfull \hbox (36.17468pt too wide) in paragraph at lines 361--362
 [] 
 []


Overfull \hbox (36.17468pt too wide) in paragraph at lines 369--370
 [] 
 []

<success_exec.png, id=33, 1023.825pt x 377.91188pt>
File: success_exec.png Graphic file (type png)
<use success_exec.png>
Package pdftex.def Info: success_exec.png  used on input line 375.
(pdftex.def)             Requested size: 312.00119pt x 115.16203pt.

Overfull \hbox (36.17468pt too wide) in paragraph at lines 384--385
 [] 
 []


Overfull \hbox (36.17468pt too wide) in paragraph at lines 392--393
 [] 
 []

<modelsim_error.png, id=34, 1013.28563pt x 347.79938pt>
File: modelsim_error.png Graphic file (type png)
<use modelsim_error.png>
Package pdftex.def Info: modelsim_error.png  used on input line 398.
(pdftex.def)             Requested size: 312.00119pt x 107.08963pt.
(./about_pulpino.bbl [8]
Underfull \hbox (badness 10000) in paragraph at lines 7--10
[]\OT1/cmr/m/n/12 fosslinux, ``Cmake.'' $\OT1/cmtt/m/n/12 https : / / www . fos
slinux . com / 38392 /
 []


Underfull \hbox (badness 6252) in paragraph at lines 17--18
[]\OT1/cmr/m/n/12 E. Zurich, ``pulp-platform.'' $\OT1/cmtt/m/n/12 https : / / g
ithub . com / pulp-[]platform$\OT1/cmr/m/n/12 ,
 []

) [9 <./success_exec.png (PNG copy)>] [10 <./modelsim_error.png (PNG copy)>]
(./about_pulpino.aux) ) 
Here is how much of TeX's memory you used:
 3568 strings out of 483183
 63387 string characters out of 5966291
 303872 words of memory out of 5000000
 18579 multiletter control sequences out of 15000+600000
 542602 words of font info for 63 fonts, out of 8000000 for 9000
 14 hyphenation exceptions out of 8191
 30i,6n,31p,610b,308s stack positions out of 5000i,500n,10000p,200000b,80000s
 </home/aamirsultan/.texlive2019/texmf-var/fonts/pk/ljfo
ur/jknappen/ec/tcbx1200.600pk> </home/aamirsultan/.texlive2019/texmf-var/fonts/
pk/ljfour/jknappen/ec/tcrm1200.600pk></usr/share/texlive/texmf-dist/fonts/type1
/public/amsfonts/cm/cmbx12.pfb></usr/share/texlive/texmf-dist/fonts/type1/publi
c/amsfonts/cm/cmmi12.pfb></usr/share/texlive/texmf-dist/fonts/type1/public/amsf
onts/cm/cmr12.pfb></usr/share/texlive/texmf-dist/fonts/type1/public/amsfonts/cm
/cmti12.pfb></usr/share/texlive/texmf-dist/fonts/type1/public/amsfonts/cm/cmtt1
2.pfb>
Output written on about_pulpino.pdf (10 pages, 342641 bytes).
PDF statistics:
 70 PDF objects out of 1000 (max. 8388607)
 47 compressed objects within 1 object stream
 0 named destinations out of 1000 (max. 500000)
 16 words of extra memory for PDF output out of 10000 (max. 10000000)

